<?xml version="1.0" encoding="UTF-8"?>
<!-- Generated by org.testng.reporters.JUnitReportReporter -->
<testsuite hostname="LavanyaKumar" failures="0" tests="1" name="companies.QspidersTest" time="1.625" errors="0" timestamp="2023-12-28T14:26:19 IST" skipped="0">
  <testcase classname="companies.QspidersTest" name="launchQspiders" time="1.625"/>
  <system-out>
    <![CDATA[Qspoiders is launched]]>
  </system-out>
</testsuite> <!-- companies.QspidersTest -->
