<?xml version="1.0" encoding="UTF-8"?>
<!-- Generated by org.testng.reporters.JUnitReportReporter -->
<testsuite hostname="LavanyaKumar" failures="0" tests="1" name="companies.TcsTest" time="3.577" errors="0" timestamp="2023-12-28T14:26:19 IST" skipped="0">
  <testcase classname="companies.TcsTest" name="launchinfosys" time="3.577"/>
  <system-out>
    <![CDATA[Tcs is launched]]>
  </system-out>
</testsuite> <!-- companies.TcsTest -->
