<?xml version="1.0" encoding="UTF-8"?>
<!-- Generated by org.testng.reporters.JUnitReportReporter -->
<testsuite hostname="LavanyaKumar" failures="0" tests="1" name="companies.infosysTest" time="1.630" errors="0" timestamp="2023-12-28T14:26:19 IST" skipped="0">
  <testcase classname="companies.infosysTest" name="launchinfosys" time="1.630"/>
  <system-out>
    <![CDATA[infosys is launched]]>
  </system-out>
</testsuite> <!-- companies.infosysTest -->
