<?xml version="1.0" encoding="UTF-8"?>
<!-- Generated by org.testng.reporters.JUnitReportReporter -->
<testsuite hostname="LavanyaKumar" failures="0" tests="1" name="Demopractice.simple1Test" time="0.000" errors="0" timestamp="2023-12-28T14:26:19 IST" skipped="0">
  <testcase classname="Demopractice.simple1Test" name="demo" time="0.000"/>
  <system-out>
    <![CDATA[Welocometo test guys]]>
  </system-out>
</testsuite> <!-- Demopractice.simple1Test -->
