<?xml version="1.0" encoding="UTF-8"?>
<!-- Generated by org.testng.reporters.JUnitReportReporter -->
<testsuite hostname="LavanyaKumar" failures="0" tests="1" name="Demopractice.MavenParameter" time="3.616" errors="0" timestamp="2023-12-28T14:39:33 IST" skipped="0">
  <testcase classname="Demopractice.MavenParameter" name="receiveData" time="3.616"/>
  <system-out>
    <![CDATA[Parameter receving data
https://demowebshop.tricentis.com/login]]>
  </system-out>
</testsuite> <!-- Demopractice.MavenParameter -->
