<?xml version="1.0" encoding="UTF-8"?>
<!-- Generated by org.testng.reporters.JUnitReportReporter -->
<testsuite hostname="LavanyaKumar" failures="0" tests="1" name="extentreports.ToAddScreenShot" time="5.110" errors="0" timestamp="2024-01-02T10:03:43 IST" skipped="0">
  <testcase classname="extentreports.ToAddScreenShot" name="screenshot" time="5.110"/>
  <system-out/>
</testsuite> <!-- extentreports.ToAddScreenShot -->
