<?xml version="1.0" encoding="UTF-8"?>
<!-- Generated by org.testng.reporters.JUnitReportReporter -->
<testsuite hostname="LavanyaKumar" failures="0" tests="1" name="Demopractice.SimpleTest1" time="0.008" errors="0" timestamp="2023-12-28T11:09:25 IST" skipped="0">
  <testcase classname="Demopractice.SimpleTest1" name="Test1" time="0.008"/>
  <system-out>
    <![CDATA[Welcome to simletest1]]>
  </system-out>
</testsuite> <!-- Demopractice.SimpleTest1 -->
