<?xml version="1.0" encoding="UTF-8"?>
<!-- Generated by org.testng.reporters.JUnitReportReporter -->
<testsuite hostname="LavanyaKumar" failures="0" tests="1" name="extentreports.ToLearnExtentReportsSteps" time="0.420" errors="0" timestamp="2023-12-29T11:50:29 IST" skipped="0">
  <testcase classname="extentreports.ToLearnExtentReportsSteps" name="reports" time="0.420"/>
  <system-out/>
</testsuite> <!-- extentreports.ToLearnExtentReportsSteps -->
